0.336230 150
2.188283 1
0.221924 1
0.563824 2
0.004652 528
0.000795 150
3.286669 1
0.232296 1
0.273965 1
0.422670 1
0.612763 1
0.141906 1
2.210210 1
0.104145 1
0.234537 13
1.404768 2
0.002443 305
0.000680 150
0.809429 1
0.085482 1
0.224577 2
0.004134 272
0.000028 122
0.000047 134
0.000700 150
0.835793 1
0.207630 1
0.234038 1
0.230855 1
0.252204 1
0.145465 1
0.423075 1
0.206362 1
0.180011 1
0.138034 10
0.827451 2
0.002908 1294
0.000036 245
0.000019 49
0.000024 47
0.000019 97
0.000019 55
0.000023 137
0.000020 122
0.000020 76
0.000019 153
0.000020 105
0.000020 74
0.000018 37
0.000016 137
0.000019 18
0.000019 153
0.000018 37
0.000016 69
0.000019 70
0.000016 41
0.000018 82
0.000018 55
0.000020 26
0.000015 58
0.000017 95
0.000017 126
0.000016 47
0.000019 171
0.000017 90
0.000020 99
0.000018 75
0.000019 73
0.000017 32
0.000017 139
0.000019 67
0.000016 40
0.000017 98
0.000021 76
0.000019 75
0.000018 118
0.000020 52
0.000018 67
0.000017 29
0.000018 42
0.000017 20
0.000020 81
0.000015 20
0.000015 26
0.000016 53
0.000018 96
0.000019 28
0.000015 83
0.000016 37
0.000019 23
0.000019 30
0.000017 37
0.000018 7
0.000017 99
0.000020 52
0.000018 23
0.000019 21
0.000019 47
0.000016 23
0.000018 35
0.000015 32
0.000015 15
0.000019 16
0.000017 130
0.000016 50
0.000017 16
0.000016 7
0.000019 127
0.000091 151
0.000017 46
0.000017 18
0.000019 43
0.000019 12
0.000017 62
0.000017 25
0.000017 15
0.000015 7
0.000019 66
0.000018 111
0.000020 119
0.000016 31
0.000019 72
0.000019 81
0.000015 49
0.000016 20
0.000019 20
0.000017 40
0.000017 11
0.000017 49
0.000016 28
0.000019 55
0.000018 91
0.000019 62
0.000016 17
0.000019 55
0.000017 46
0.000017 134
0.000016 30
0.000016 158
0.000020 113
0.000016 222
0.000017 51
0.000017 235
0.000017 139
0.000017 68
0.000045 314
0.000021 172
0.000020 183
0.000019 157
0.000019 129
0.000018 239
0.000019 227
0.000016 162
0.000762 150
0.495481 1
0.133292 1
0.318858 2
0.019304 394
0.000042 134
0.000772 150
0.891070 1
0.230683 1
0.327913 1
0.498727 1
0.308966 1
0.189403 1
0.261647 1
0.453400 1
0.312182 10
0.566437 2
0.002427 326
0.000039 103
0.000017 136
0.000016 36
0.000013 28
0.000019 19
0.000014 59
0.000013 55
0.000671 150
0.615700 1
0.099151 1
0.702269 2
0.004040 272
0.000023 122
0.000050 134
0.000761 150
1.389860 1
0.322659 1
0.253000 1
0.251614 1
0.258725 1
0.178810 1
0.302130 1
0.106467 1
0.211747 1
0.132390 1
0.290587 5
0.573989 2
0.002422 337
0.000033 209
0.000033 33
0.000021 17
0.000019 334
0.000016 148
0.000033 31
0.000028 25
0.000020 26
0.000018 63
0.000019 69
0.000027 197
0.000021 97
0.000085 394
0.000016 6
0.000689 150
0.992324 1
0.111663 1
0.218291 2
0.016400 272
0.000066 256
0.000733 150
0.729338 1
0.229297 1
0.275300 1
0.286538 1
0.486478 1
0.152924 1
0.126275 1
0.220564 7
0.803794 2
0.002651 337
0.000753 150
1.505314 1
0.159818 1
0.436308 1
0.473143 1
0.273753 1
0.160140 1
0.588625 1
0.415815 1
0.905370 1
0.288915 1
1.566445 1
0.196053 1
0.513406 1
0.312068 1
0.315477 1
0.473813 1
0.172967 1
0.643918 2
0.260238 150
1.510717 1
0.274425 1
0.710328 1
0.116534 1
0.685621 1
0.454352 4
0.157150 1
0.752985 1
0.371092 1
0.428182 1
0.186087 1
0.743157 2
0.002623 55
1.107742 1
0.120825 1
0.135080 1
0.196074 1
0.203982 1
1.040053 2
0.002212 11
0.000156 55
1.050105 1
0.190390 1
0.787388 2
0.000183 15
0.786703 1
0.546546 3
0.431963 1
0.158258 1
0.300090 1
0.142671 1
0.195279 1
0.447348 2
0.014479 13
0.000058 99
0.000011 84
0.000034 187
0.000019 97
0.000018 94
0.000017 93
0.000018 94
0.000015 95
0.000016 97
0.000021 93
0.000018 80
0.000016 82
0.000017 86
0.000017 86
0.000052 277
0.000019 61
0.000017 65
0.000016 60
0.000017 60
0.000016 61
0.000017 62
0.000015 62
0.000017 64
0.000017 70
0.000016 71
0.000020 115
0.000017 59
0.000020 62
0.000017 62
0.000015 65
0.000016 61
0.000021 123
0.000016 64
0.000021 63
0.000017 68
0.000022 130
0.000016 68
0.000019 67
0.000018 68
0.000018 69
0.000018 59
0.000628 15
1.474316 1
0.125316 1
0.128698 1
0.246175 1
0.329823 1
0.615594 2
0.002553 26
0.925094 1
0.177888 1
0.216537 1
0.224734 1
0.701743 2
0.000248 2
0.789664 1
0.154479 1
0.196985 1
0.166932 1
0.324890 1
0.475742 1
0.162753 1
0.107373 1
0.593460 2
0.000095 38
0.000037 2
10.000509 57
1.091390 2
0.000124 2
0.730052 1
0.186511 1
0.285107 2
0.000066 15
0.811756 1
0.157325 1
0.087175 1
0.235756 1
0.233708 1
0.602253 2
0.002043 11
0.000221 15
5.581503 1
0.413057 3
0.386755 1
0.338164 1
0.244532 1
0.245422 1
1.013000 1
0.498335 1
0.507628 1
0.131414 1
0.325613 1
0.216230 1
0.098890 57
0.094747 1
0.134131 1
0.178702 1
1.785890 1
0.326370 1
0.921127 1
0.755875 1
0.177482 1
0.518938 2
0.036989 66
0.000289 15
3.186867 1
0.132043 1
0.232806 1
0.113830 1
0.551825 1
0.263779 1
0.575877 1
0.126866 1
0.292039 1
0.188107 1
0.180737 1
0.122744 1
0.146682 1
0.542295 1
0.298243 1
0.233988 1
0.415306 1
0.165777 1
1.522654 2
0.035220 66
0.000215 15
2.832222 1
0.137127 1
0.245478 1
0.128221 1
0.184579 1
0.536531 1
0.288047 1
0.909640 1
0.475504 1
0.533173 1
0.306289 1
0.220166 1
0.367259 1
0.242458 1
1.614293 2
0.046281 15
1.912143 1
0.215445 1
0.328782 1
0.252773 1
0.814034 1
0.284181 1
0.266565 1
0.349397 1
0.257148 1
0.998378 2
0.001925 2584
0.000116 905
0.000249 15
2.495145 1
0.173312 1
0.090174 1
0.221935 1
0.227347 1
0.194431 2
0.002177 11
0.000117 15
0.915697 1
0.539110 1
0.167485 1
0.563264 1
0.246256 1
0.261169 1
0.187096 1
0.669769 1
0.139859 1
0.122903 1
0.738674 2
0.000499 84
1.595738 1
0.343829 1
0.170924 1
0.363742 1
0.412652 1
0.366995 1
0.574967 1
0.187218 1
0.735061 2
0.000379 52
0.000057 37
0.697344 57
0.303025 24
0.000508 44
1.995897 1
0.419527 1
0.179527 1
0.497932 1
0.390980 1
0.096797 1
0.334581 1
0.158588 1
0.500018 2
0.000363 52
0.000065 37
1.000502 18
0.000337 44
1.667245 1
0.212927 1
0.179131 1
0.143153 1
0.664241 2
0.000514 37
0.000126 15
1.302829 1
0.330095 1
0.253040 1
0.171971 1
1.864606 2
0.001013 150
1.129742 6
