0.537116 150
2.393088 1
0.126894 1
0.180849 2
0.004404 243
0.000056 110
0.000684 150
0.885428 1
0.179670 1
0.444643 4
0.219162 1
0.283001 1
0.250541 4
0.192069 4
0.273387 1
0.562712 1
0.381474 1
0.340341 1
0.196775 1
0.416320 1
0.173199 1
0.230480 13
0.869643 2
0.002621 305
0.000608 150
0.831884 1
0.075878 1
0.301771 2
0.003578 353
0.000720 150
0.983218 1
0.195987 1
0.242439 1
0.311225 1
0.449262 1
0.175040 1
0.260108 1
0.493741 11
0.893289 2
0.002405 323
0.000051 86
0.000029 15
0.000024 29
0.000023 42
0.000023 51
0.000030 34
0.000012 43
0.000013 86
0.000045 53
0.000692 150
0.724285 1
0.080464 1
0.669785 2
0.003758 353
0.000714 150
1.543961 1
0.232666 1
0.238699 1
0.445544 1
0.469463 1
0.175113 1
0.281918 1
0.226280 1
0.409147 1
0.166702 10
0.739253 2
0.002501 518
0.000039 724
0.000011 65
0.000040 285
0.000026 48
0.000018 93
0.000017 55
0.000014 28
0.000016 68
0.000016 71
0.000016 93
0.000014 37
0.000017 123
0.000022 103
0.000020 51
0.000015 69
0.000013 23
0.000015 41
0.000015 135
0.000013 17
0.000016 168
0.000013 20
0.000035 144
0.000014 31
0.000014 9
0.000015 150
0.000015 67
0.000017 98
0.000014 6
0.000015 117
0.000013 48
0.000016 171
0.000015 90
0.000018 82
0.000020 92
0.000013 49
0.000013 24
0.000013 37
0.000012 2
0.000013 150
0.000015 49
0.000014 40
0.000013 80
0.000018 70
0.000013 23
0.000013 49
0.000012 24
0.000035 92
0.000017 83
0.000019 43
0.000014 93
0.000016 52
0.000016 45
0.000012 23
0.000076 282
0.000015 43
0.000012 20
0.000013 26
0.000013 8
0.000015 37
0.000012 8
0.000012 95
0.000013 22
0.000017 47
0.000013 42
0.000022 27
0.000017 45
0.000014 18
0.000013 48
0.000013 7
0.000014 11
0.000015 159
0.000015 37
0.000015 66
0.000014 73
0.000014 72
0.000013 37
0.000013 7
0.000014 55
0.000013 36
0.000014 31
0.000020 21
0.000012 66
0.000013 13
0.000013 10
0.000011 9
0.000015 15
0.000015 61
0.000015 57
0.000016 100
0.000014 82
0.000015 96
0.000013 37
0.000014 70
0.000014 30
0.000013 21
0.000013 21
0.000015 44
0.000017 52
0.000012 27
0.000013 52
0.000012 21
0.000012 62
0.000012 12
0.000012 19
0.000011 60
0.000012 7
0.000015 87
0.000015 225
0.000018 142
0.000015 102
0.000012 98
0.000064 872
0.000017 31
0.000012 26
0.000013 145
0.000013 88
0.000014 165
0.000013 151
0.000014 114
0.000013 140
0.000014 253
0.000012 150
0.000014 36
0.000651 150
0.922832 1
0.096497 1
0.524543 2
0.009758 353
0.000758 150
1.455511 1
0.304708 1
0.327292 1
1.508935 1
1.062642 1
0.134981 1
0.381764 1
0.157914 1
0.197921 1
0.328941 6
0.764233 2
0.002792 715
0.000034 133
0.000035 174
0.000014 61
0.000025 52
0.000019 25
0.000024 83
0.000018 49
0.000013 65
0.000015 6
0.000046 242
0.000015 46
0.000019 1
0.000019 217
0.000020 51
0.000020 39
0.000016 21
0.000015 6
0.000734 150
0.850037 1
0.114163 1
1.345884 2
0.002690 353
0.000664 150
0.892963 1
0.216859 1
0.268470 1
0.296908 1
0.463979 1
0.171011 1
0.138323 1
0.531235 1
0.684391 1
0.396644 5
0.716008 2
0.002586 337
0.000682 150
1.731937 1
0.141787 1
0.175084 1
0.773765 1
0.340278 1
0.123484 1
0.413028 1
0.426048 1
0.250243 1
0.220081 1
0.904686 1
0.169924 1
0.620424 1
0.321819 1
0.340135 1
0.519427 1
0.189427 1
0.990289 2
0.312576 150
0.843256 1
0.246286 1
0.626992 1
0.252398 1
0.334029 1
0.374838 1
0.508433 1
0.624258 1
0.343875 1
2.069840 2
0.002530 55
2.545458 1
0.256333 1
0.133597 1
0.237573 1
0.249467 1
1.124727 2
0.002329 11
0.000184 55
1.432773 1
0.150636 1
0.246670 1
0.187154 1
0.174688 1
0.245672 1
0.571985 1
0.128562 1
0.627290 1
0.213013 1
0.177097 1
0.202060 1
2.118457 4
0.765395 3
0.227833 3
0.187159 6
0.166336 3
0.883663 1
0.288971 4
0.180451 4
0.172902 4
0.286882 3
0.185487 3
0.159728 6
0.019690 57
0.119303 3
0.151674 3
0.948218 2
0.005543 37
0.000167 55
2.549638 1
0.114843 1
0.108011 1
0.170082 1
0.194039 1
0.127752 2
0.001974 11
0.000180 55
0.420837 1
0.131838 1
0.213372 1
0.131411 1
0.186407 1
0.882459 1
0.254977 1
0.160430 1
0.262340 1
0.503103 1
0.151718 1
0.519784 1
0.216683 1
0.416306 1
0.154655 1
0.719246 2
0.009318 25
0.000143 894
0.000069 145
0.000152 776
1.034032 33
0.000074 55
0.000068 6
0.196646 55
0.173679 33
0.000047 22
0.120766 23
0.000031 10
0.000055 22
0.765819 28
0.000521 55
0.813897 1
0.114878 1
1.213795 1
0.302457 1
0.193216 1
0.233517 1
0.266722 1
0.461360 1
0.181147 1
0.754228 1
0.226858 1
0.211540 1
0.163451 1
0.132346 1
0.568107 1
0.161601 1
0.140730 1
0.382911 1
0.157706 1
0.779797 2
0.007230 121
0.000200 55
1.474110 1
0.171684 1
0.432205 2
0.000259 15
1.293542 1
0.117825 1
0.238678 1
0.176922 1
0.199127 1
0.726957 1
0.250044 1
0.301251 1
0.132460 1
0.594484 1
0.206965 1
0.177335 1
0.154659 1
0.118844 1
0.159541 1
0.225121 1
0.741595 2
0.009506 345
0.000291 15
2.038259 1
0.206163 1
0.208727 1
0.145791 1
0.418375 2
0.000926 150
1.149314 6
