0.406240 150
2.630742 1
0.082691 1
0.215381 2
0.004348 291
0.000772 150
1.265769 1
0.200462 1
0.360847 4
1.045695 1
0.259557 1
0.254369 1
0.257785 1
0.184218 1
0.308528 1
0.229863 1
0.155945 1
1.916806 1
0.478114 1
1.304235 1
0.413476 4
0.213363 4
0.179714 4
0.399145 4
1.013684 1
0.074034 1
0.245656 13
0.770724 2
0.003379 305
0.000781 150
0.911903 1
0.093386 1
0.498147 2
0.004717 138
0.000031 153
0.000871 150
1.537851 1
0.220913 1
0.274376 1
2.289587 1
0.720647 1
0.175511 1
0.635052 1
0.221320 1
0.181685 11
1.472809 2
0.003301 1823
0.000030 223
0.000042 124
0.000034 41
0.000030 82
0.000020 64
0.000018 75
0.000023 59
0.000022 138
0.000023 18
0.000028 84
0.000027 69
0.000018 36
0.000016 71
0.000019 44
0.000019 5
0.000028 56
0.000016 5
0.000060 402
0.000043 219
0.000025 39
0.000025 89
0.000021 97
0.000020 50
0.000019 3
0.000019 3
0.000025 126
0.000025 6
0.000020 131
0.000025 20
0.000021 49
0.000017 41
0.000034 81
0.000016 70
0.000021 19
0.000021 51
0.000027 57
0.000018 57
0.000026 42
0.000024 68
0.000021 13
0.000019 27
0.000020 32
0.000015 40
0.000018 48
0.000023 49
0.000018 45
0.000023 51
0.000017 10
0.000016 78
0.000048 162
0.000018 23
0.000029 26
0.000023 28
0.000020 14
0.000020 103
0.000018 21
0.000021 49
0.000019 8
0.000027 32
0.000019 33
0.000018 4
0.000025 19
0.000021 17
0.000020 16
0.000021 37
0.000023 17
0.000020 15
0.000056 199
0.000040 218
0.000023 31
0.000028 29
0.000021 68
0.000022 99
0.000024 20
0.000025 13
0.000070 7
0.000018 35
0.000023 49
0.000098 201
0.000024 62
0.000020 31
0.000016 58
0.000016 54
0.000025 44
0.000016 61
0.000024 34
0.000025 26
0.000023 60
0.000023 45
0.000020 2
0.000021 93
0.000017 29
0.000022 44
0.000018 30
0.000026 40
0.000027 41
0.000022 139
0.000025 88
0.000019 80
0.000027 41
0.000026 132
0.000021 87
0.000025 207
0.000017 258
0.000022 57
0.000022 275
0.000020 77
0.000020 23
0.000020 34
0.000014 118
0.000022 25
0.000025 80
0.000025 45
0.000021 108
0.000027 44
0.000026 144
0.000026 475
0.000018 95
0.000017 108
0.001159 150
1.530753 1
0.092672 1
0.456423 2
0.004295 291
0.000680 150
1.394371 1
0.245989 1
0.285155 1
1.014014 1
0.584370 1
0.196902 1
0.605167 1
0.068749 1
0.197751 1
0.110288 1
0.349893 5
0.864084 2
0.003186 1132
0.000046 74
0.000017 48
0.000025 86
0.000023 20
0.000022 53
0.000020 53
0.000033 16
0.000029 53
0.000021 54
0.000021 42
0.000020 24
0.000020 127
0.000018 2
0.000014 168
0.000017 7
0.000019 19
0.000017 8
0.001005 150
1.164638 1
0.098761 1
0.178524 2
0.003749 291
0.000379 150
0.775008 1
0.228390 1
0.248672 1
0.882407 1
1.555542 1
0.012407 1
0.551343 1
0.176442 1
0.132422 1
0.250467 9
1.228482 2
0.003059 408
0.000037 87
0.000034 1
0.000077 211
0.000018 15
0.000032 40
0.000946 150
0.858589 1
0.095705 1
0.174689 2
0.005024 291
0.000716 150
2.513844 1
0.242267 1
0.258748 1
0.343099 1
0.323858 1
0.215438 1
0.108339 1
0.161072 1
0.476558 6
2.332263 2
0.003060 337
0.001007 150
1.979881 1
0.168094 1
0.521840 1
0.531757 1
0.329798 1
0.115131 1
0.714429 1
0.448976 1
0.606768 1
0.207927 1
1.167622 1
0.174392 1
0.307395 1
0.361635 1
0.310558 1
0.470369 1
0.182166 1
1.324182 2
0.290819 150
0.844864 1
0.246013 1
0.695908 1
0.203945 1
0.338128 1
0.301485 1
0.307055 1
0.639100 1
0.291605 1
2.598029 2
0.002971 55
10.000401 57
1.249579 2
0.000034 55
10.000569 57
9.422790 2
0.000099 55
2.490935 1
0.238648 1
0.174767 1
0.131046 1
2.014581 2
0.000938 150
6.974908 6
