0.422483 150
2.010705 1
0.087827 1
0.184329 2
0.004300 394
0.000759 150
1.907749 1
0.224107 1
0.281020 1
0.249453 1
0.750875 1
0.145885 1
0.444174 1
0.193435 1
0.163030 1
0.696159 4
0.196980 4
0.128366 4
0.526070 1
0.100420 1
0.214545 1
0.129513 1
0.162164 11
1.578403 2
0.002723 305
0.000690 150
0.889448 1
0.083114 1
0.250343 2
0.003969 137
0.000039 135
0.000027 122
0.000798 150
0.972478 1
0.197574 1
0.306195 1
0.237656 1
0.251144 1
0.135326 1
0.318795 1
0.226603 1
0.196049 1
0.182915 10
0.587834 2
0.002048 615
0.000027 355
0.000043 337
0.000018 37
0.000018 30
0.000012 126
0.000017 85
0.000012 7
0.000038 364
0.000015 166
0.000020 49
0.000020 120
0.000022 69
0.000024 130
0.000013 4
0.000021 135
0.000024 66
0.000015 118
0.000018 22
0.000038 177
0.000016 7
0.000013 215
0.000018 102
0.000013 4
0.000012 258
0.000020 41
0.000012 35
0.000015 174
0.000017 91
0.000020 69
0.000014 5
0.000015 189
0.000020 85
0.000018 85
0.000017 69
0.000021 69
0.000017 26
0.000013 37
0.000013 9
0.000015 76
0.000022 11
0.000013 45
0.000013 38
0.000019 26
0.000017 70
0.000017 44
0.000017 7
0.000015 42
0.000022 23
0.000014 28
0.000020 47
0.000016 9
0.000015 100
0.000016 25
0.000016 101
0.000012 4
0.000013 66
0.000016 24
0.000013 20
0.000017 78
0.000013 21
0.000032 97
0.000014 48
0.000015 21
0.000040 86
0.000016 15
0.000022 196
0.000012 6
0.000015 168
0.000015 43
0.000017 66
0.000020 63
0.000020 44
0.000066 110
0.000017 11
0.000015 8
0.000014 52
0.000023 56
0.000015 46
0.000013 136
0.000014 57
0.000014 112
0.000015 43
0.000195 546
0.000018 189
0.000014 119
0.000015 123
0.000016 193
0.000021 199
0.000015 132
0.000014 179
0.000015 205
0.000017 92
0.000022 27
0.000022 53
0.000016 158
0.000020 91
0.000017 98
0.000020 96
0.000013 55
0.000020 95
0.000015 136
0.000014 144
0.000017 208
0.000015 106
0.000015 2
0.000566 150
0.868173 1
0.112113 1
0.204625 2
0.019652 137
0.000022 135
0.000029 122
0.000709 150
0.828412 1
0.398090 4
0.395367 1
0.197943 1
0.252305 1
0.161916 1
0.403164 1
0.159585 1
0.487185 1
0.272331 1
0.125542 1
0.206367 9
0.965800 2
0.002572 576
0.000037 103
0.000052 43
0.000026 23
0.000023 6
0.000014 11
0.000706 150
0.905535 1
0.107906 1
0.159221 2
0.004113 394
0.000697 150
1.157007 1
0.255819 1
0.298820 1
0.640091 1
1.119642 1
0.118619 1
1.011262 1
0.077994 1
0.216377 1
0.139225 1
1.719262 5
0.884091 2
0.002360 398
0.000034 100
0.000029 34
0.000024 166
0.000023 30
0.000015 12
0.000027 193
0.000023 17
0.000022 48
0.000028 22
0.000022 93
0.000023 18
0.000023 34
0.000016 56
0.000020 74
0.000024 208
0.000013 1
0.000019 149
0.000027 193
0.000020 75
0.000021 40
0.000024 25
0.000524 150
1.385656 1
0.102362 1
0.156870 2
0.031638 137
0.000073 135
0.000020 122
0.001162 150
0.847873 1
0.205549 1
0.243565 1
0.181665 1
0.297613 1
0.136142 1
0.110879 1
0.275001 7
1.259130 2
0.002537 337
0.000746 150
3.047468 1
0.159388 1
0.195242 1
0.407381 1
0.218544 1
0.201791 1
0.486338 1
0.275537 1
0.339323 1
0.138808 1
0.656182 1
0.154478 1
0.345884 1
0.289199 1
0.289669 1
0.411615 1
0.158644 1
0.137901 1
0.999845 2
0.339052 150
0.939827 1
0.085157 1
0.691589 1
0.172375 1
0.253997 1
0.294830 1
0.322963 1
1.177837 1
0.172143 1
1.961104 2
0.002525 55
1.042515 1
0.124647 1
0.132376 1
0.189344 1
0.205838 1
0.675269 2
0.002112 11
0.000201 55
1.654482 1
0.172868 1
0.277455 1
0.449428 1
0.337024 1
0.630022 1
0.273593 1
1.686544 1
0.505238 1
1.018504 1
0.230892 1
0.229098 1
0.634623 1
0.331736 1
0.131455 1
0.305194 1
0.737157 1
0.382659 1
0.012552 57
0.297611 1
0.897954 2
0.051138 55
1.350070 1
0.104419 1
0.654183 2
0.003301 381
0.000263 55
2.303219 1
0.228705 1
0.245709 1
0.239641 1
1.434877 1
0.199921 1
0.195366 1
0.180611 1
0.274554 1
0.162979 1
0.243417 1
0.646659 1
0.349925 1
0.275235 1
1.038001 2
0.001804 414
0.000021 614
0.000019 127
0.000309 55
1.925733 1
0.243575 1
0.268323 1
0.134095 1
4.408187 2
0.000847 150
1.089223 6
