0.456432 150
1.886080 1
0.111751 1
0.283965 2
0.004112 125
0.000681 150
1.341735 1
0.270864 1
0.348147 1
0.551712 1
0.830147 1
0.127387 1
0.929696 1
0.216342 1
0.148673 1
0.229157 1
0.945202 4
0.297589 1
0.428457 1
1.248015 1
0.273817 1
1.055973 1
1.227289 4
0.191227 4
0.171974 4
0.166219 4
0.215568 4
0.564258 1
0.145879 1
0.143044 1
0.144706 1
0.199641 11
1.364304 2
0.003033 305
0.001002 150
1.466829 1
0.735547 4
0.248185 1
0.208865 1
0.261833 1
0.153210 1
3.721622 1
1.411048 1
1.283214 1
0.177551 1
0.123829 1
0.402355 9
1.915192 2
0.003627 762
0.001144 150
1.386491 1
0.103257 1
0.257039 2
0.003878 125
0.000675 150
2.288681 1
0.736927 1
0.316122 1
1.568727 1
2.748226 1
0.203735 1
0.865817 4
0.726541 1
0.699642 1
0.124476 1
0.811871 7
1.168874 2
0.003001 431
0.000030 115
0.000018 187
0.000045 197
0.000015 112
0.000017 90
0.000016 32
0.000030 60
0.000018 230
0.000032 70
0.000016 66
0.000027 14
0.000026 27
0.000018 25
0.000020 36
0.000024 176
0.000017 53
0.000020 37
0.000014 15
0.000022 9
0.000017 4
0.001149 150
2.856806 1
0.106927 1
0.193033 2
0.003936 125
0.000652 150
1.609427 1
0.247449 1
0.265604 1
1.441910 1
0.666133 1
0.234530 1
1.255854 1
0.239797 1
0.216823 1
0.634910 10
4.713155 2
0.002996 1297
0.000042 295
0.000015 61
0.000011 135
0.000012 96
0.000028 41
0.000029 197
0.000042 191
0.000019 74
0.000017 109
0.000026 236
0.000015 1
0.000013 82
0.000017 88
0.000055 266
0.000019 67
0.000018 181
0.000017 183
0.000081 388
0.000019 148
0.000019 154
0.000017 105
0.000018 141
0.000016 48
0.000013 87
0.000046 105
0.000021 70
0.000021 54
0.000019 47
0.000020 48
0.000016 153
0.000015 25
0.000015 125
0.000016 70
0.000015 24
0.000016 115
0.000016 72
0.000018 52
0.000018 61
0.000016 51
0.000015 11
0.000019 195
0.000017 136
0.000023 89
0.000019 82
0.000022 85
0.000018 78
0.000017 34
0.000013 8
0.000018 61
0.000023 102
0.000019 165
0.000017 148
0.000016 75
0.000018 84
0.000016 104
0.000015 32
0.000018 145
0.000017 87
0.000017 242
0.000020 213
0.000015 273
0.000016 59
0.000021 348
0.000015 277
0.000019 117
0.000020 93
0.000014 230
0.000017 182
0.000017 330
0.000017 362
0.000014 27
0.001150 150
3.166798 1
0.177416 1
0.231885 2
0.004604 125
0.000638 150
1.334461 1
0.265540 1
0.291119 1
0.961852 1
0.419135 1
0.242860 1
0.158807 1
0.255340 7
1.291097 2
0.002984 337
0.000906 150
2.597372 1
0.421143 1
0.537192 1
0.605943 1
0.706765 1
0.294427 1
0.585807 1
0.528873 1
0.679881 1
0.197006 1
0.781760 1
0.223184 1
0.700016 1
0.356331 1
0.501488 1
0.548075 1
0.283752 1
1.710135 2
0.341393 150
1.344773 1
0.353143 1
0.865059 1
0.467450 1
1.021990 1
0.373691 1
0.360573 1
0.439512 1
0.475055 1
1.558452 2
0.002872 55
2.077505 1
0.298314 1
0.661093 1
0.457825 1
0.285102 1
0.691988 2
0.000094 43
1.438744 1
0.225953 1
1.039444 2
0.000113 15
1.378638 1
0.166235 1
0.262573 1
0.509571 1
0.579632 2
0.000169 2
0.942942 1
0.181234 1
0.333662 1
0.461041 1
0.395257 1
0.755636 1
0.158444 1
0.205021 1
1.960631 2
0.000214 38
0.000058 2
1.883135 1
0.252883 1
0.251331 1
0.144056 1
0.762721 2
0.001036 150
2.759050 6
