0.430961 150
4.344374 1
0.134449 1
0.163087 2
0.004650 122
0.000043 138
0.000062 227
0.000669 150
0.670696 1
0.232243 1
0.270188 1
0.260794 1
0.399010 1
0.176624 1
0.413693 1
0.127240 1
0.161544 1
0.153370 1
0.131867 11
1.035859 2
0.002590 305
0.000619 150
0.726045 1
0.091770 1
0.244253 2
0.003786 122
0.000080 365
0.000815 150
1.398524 1
0.223721 1
0.248365 1
0.145165 1
0.256767 1
0.131556 1
0.402335 1
0.198847 1
0.194414 1
0.148913 10
0.856937 2
0.002415 319
0.000061 869
0.000034 52
0.000028 8
0.000021 73
0.000018 48
0.000054 453
0.000020 468
0.000020 72
0.000021 18
0.000024 78
0.000034 35
0.000028 87
0.000022 67
0.000023 49
0.000021 101
0.000051 112
0.000023 48
0.000017 24
0.000015 32
0.000023 90
0.000023 63
0.000026 9
0.000023 129
0.000016 4
0.000024 26
0.000027 83
0.000019 39
0.000021 142
0.000015 5
0.000017 37
0.000019 83
0.000019 41
0.000023 68
0.000015 16
0.000022 71
0.000023 24
0.000022 46
0.000026 25
0.000022 31
0.000023 7
0.000020 84
0.000022 63
0.000015 28
0.000016 65
0.000016 66
0.000017 31
0.000017 5
0.000016 71
0.000020 50
0.000049 195
0.000023 70
0.000024 86
0.000020 71
0.000022 5
0.000020 8
0.000022 43
0.000021 57
0.000025 74
0.000018 24
0.000028 23
0.000025 105
0.000026 21
0.000021 18
0.000023 30
0.000023 44
0.000020 94
0.000015 5
0.000017 22
0.000015 50
0.000017 16
0.000022 7
0.000019 16
0.000024 28
0.000022 6
0.000033 18
0.000024 23
0.000020 51
0.000026 15
0.000017 7
0.000031 131
0.000026 3
0.000012 1
0.000019 68
0.000018 64
0.000016 110
0.000022 50
0.000090 120
0.000020 47
0.000023 9
0.000023 47
0.000022 18
0.000022 12
0.000019 15
0.000021 12
0.000023 9
0.000021 10
0.000024 46
0.000020 8
0.000023 52
0.000021 3
0.000012 3
0.000017 142
0.000019 61
0.000021 23
0.000042 222
0.000019 33
0.000022 13
0.000022 16
0.000022 28
0.000021 12
0.000024 61
0.000024 12
0.000023 21
0.000022 60
0.000024 5
0.000021 25
0.000054 3
0.000018 41
0.000018 22
0.000023 79
0.000023 20
0.000023 93
0.000024 64
0.000022 65
0.000015 100
0.000026 91
0.000023 53
0.000024 32
0.000022 157
0.000022 55
0.000067 315
0.000021 314
0.000020 75
0.000025 43
0.000023 154
0.000026 111
0.000022 110
0.000022 157
0.000020 116
0.000022 168
0.000018 125
0.000015 77
0.000013 72
0.000021 161
0.000020 25
0.000647 150
0.713235 1
0.066579 1
0.274345 2
0.027561 122
0.000056 259
0.000051 106
0.000810 150
0.858670 1
0.455547 4
0.130934 1
0.286061 1
0.395185 1
0.174122 1
0.487109 1
0.163122 1
0.642069 1
1.150807 1
0.103014 1
0.186738 9
0.866601 2
0.002095 516
0.000041 110
0.000085 136
0.000690 150
1.051602 1
0.125273 1
0.205796 2
0.003351 122
0.000033 138
0.000025 227
0.000817 150
0.704702 1
0.249025 1
0.288932 1
0.296801 1
0.853133 1
0.131173 1
1.428711 1
0.135915 1
0.207207 1
0.105390 1
0.353014 5
0.591179 2
0.002235 335
0.000047 92
0.000020 73
0.000032 46
0.000025 48
0.000023 104
0.000041 200
0.000024 21
0.000027 23
0.000023 35
0.000020 17
0.000020 87
0.000028 48
0.000021 77
0.000025 17
0.000014 23
0.000030 78
0.000023 36
0.000026 54
0.000018 87
0.000018 45
0.000024 63
0.000016 47
0.000020 36
0.000025 247
0.000082 47
0.000594 150
0.885662 1
0.112553 1
0.160381 2
0.023613 122
0.000046 138
0.000019 121
0.000017 106
0.000750 150
0.701580 1
0.208342 1
0.265862 1
0.143022 1
0.288890 1
0.127444 1
0.760654 1
0.208729 7
0.692058 2
0.002542 200
0.000039 137
0.000778 150
2.036201 1
0.170503 1
0.473965 1
0.616170 1
0.245302 1
0.140517 1
0.988396 1
0.490766 1
0.586657 1
1.043465 1
0.547108 1
0.219155 1
0.288994 1
0.314849 1
0.376085 1
0.474667 1
0.165791 1
1.441326 2
0.277485 150
0.866455 1
0.232758 1
0.347061 1
0.136986 1
0.329834 1
0.286621 1
0.279776 1
0.433418 1
0.175937 1
2.276233 2
0.002261 55
0.972335 1
0.137178 1
0.111849 1
0.195211 1
0.206900 1
0.222266 2
0.002083 11
0.000221 55
2.397582 1
0.169584 1
0.638880 2
0.000125 15
0.852567 1
0.135939 1
0.102177 1
0.197217 1
0.276358 1
0.441694 2
0.001722 11
0.000116 15
0.817739 1
0.232936 1
0.161092 1
0.236798 1
0.293698 1
0.292829 1
0.133113 1
0.681671 1
0.156121 1
0.276681 1
0.986164 2
0.000190 84
1.968416 1
0.276198 1
0.186425 1
0.578817 1
0.281503 1
0.584118 1
0.450193 1
0.167195 1
0.638966 54
0.000163 37
0.599594 57
0.400861 20
0.000226 44
1.682586 1
0.218273 1
0.591414 1
0.589248 1
0.455433 1
0.541889 1
0.525926 1
0.164795 1
0.943967 54
0.000198 37
1.000461 19
0.000397 44
1.564474 1
0.385540 1
0.156201 1
0.125973 1
0.467636 1
0.108843 1
0.742571 1
0.139324 1
0.593964 2
0.000310 52
0.000134 37
1.000462 18
0.000355 44
1.475863 1
0.262613 1
0.228030 1
0.164116 1
0.822867 2
0.000462 37
0.000156 15
1.732932 1
0.239631 1
0.184313 1
0.142043 1
1.503939 2
0.000780 150
1.050489 6
