0.480196 150
1.188679 1
0.116160 1
0.248498 2
0.004085 241
0.000604 150
1.442055 1
0.248549 1
0.319529 1
0.596869 1
1.301988 1
0.376836 1
0.503344 1
0.156787 1
0.162231 1
0.211345 1
0.162902 11
1.376271 2
0.002330 305
0.000604 150
0.902331 1
0.087621 1
0.528456 2
0.003928 241
0.000715 150
2.426162 1
0.231818 1
0.289564 1
0.724086 1
0.709895 1
0.153370 1
2.252485 1
0.225457 1
0.125739 1
0.388395 9
1.293170 2
0.002670 315
0.000029 107
0.000024 8
0.000063 149
0.000018 41
0.000020 60
0.000019 30
0.000020 38
0.000018 14
0.000722 150
1.277523 1
0.151731 1
0.258267 2
0.003662 113
0.000029 128
0.000739 150
1.322674 1
0.241145 1
0.290936 1
0.668165 1
0.416837 1
0.213577 1
0.814002 1
1.843718 4
0.633107 1
0.134125 1
0.228295 1
0.201962 1
0.405279 5
0.867387 2
0.002569 380
0.000039 49
0.000032 3
0.000024 98
0.000022 29
0.000022 168
0.000020 10
0.000021 212
0.000022 47
0.000020 91
0.000026 48
0.000019 20
0.000023 56
0.000025 37
0.000021 9
0.000020 86
0.000019 68
0.000018 57
0.000018 37
0.000025 63
0.000015 21
0.000018 44
0.000017 55
0.000015 181
0.000019 67
0.000025 40
0.000020 10
0.000639 150
1.081240 1
0.166105 1
0.237727 2
0.003745 241
0.000760 150
2.809859 1
0.271387 1
0.323938 1
0.519729 1
0.971274 1
0.222079 1
0.483254 1
0.240377 1
0.197365 1
0.200782 10
1.578698 2
0.002552 211
0.000025 307
0.000009 97
0.000023 115
0.000009 116
0.000006 2
0.000022 265
0.000030 178
0.000009 18
0.000031 120
0.000010 158
0.000020 19
0.000030 184
0.000016 136
0.000006 32
0.000031 253
0.000012 81
0.000011 22
0.000011 66
0.000009 6
0.000007 42
0.000011 30
0.000010 37
0.000011 133
0.000011 66
0.000009 39
0.000012 97
0.000062 150
0.000010 36
0.000010 86
0.000009 71
0.000006 6
0.000034 326
0.000009 96
0.000006 2
0.000024 35
0.000008 33
0.000024 95
0.000019 77
0.000007 4
0.000010 19
0.000007 47
0.000007 4
0.000026 95
0.000008 29
0.000021 144
0.000042 107
0.000008 77
0.000012 23
0.000030 75
0.000009 45
0.000007 3
0.000008 23
0.000025 120
0.000007 10
0.000009 5
0.000022 105
0.000009 18
0.000010 14
0.000007 56
0.000009 6
0.000028 77
0.000009 22
0.000010 20
0.000007 50
0.000027 106
0.000007 21
0.000022 109
0.000023 35
0.000007 27
0.000009 4
0.000008 22
0.000008 14
0.000010 9
0.000007 2
0.000030 119
0.000030 72
0.000007 20
0.000008 24
0.000008 6
0.000010 24
0.000007 17
0.000008 17
0.000008 28
0.000009 6
0.000006 12
0.000010 5
0.000006 7
0.000009 6
0.000032 179
0.000007 14
0.000021 9
0.000007 1
0.000007 55
0.000011 2
0.000007 3
0.000021 148
0.000009 6
0.000008 31
0.000011 28
0.000007 31
0.000007 14
0.000009 7
0.000006 13
0.000016 3
0.000008 32
0.000007 14
0.000015 9
0.000007 44
0.000018 19
0.000008 12
0.000008 10
0.000009 9
0.000006 13
0.000009 10
0.000007 26
0.000010 67
0.000008 22
0.000007 40
0.000021 161
0.000008 4
0.000018 27
0.000034 152
0.000008 44
0.000008 6
0.000009 46
0.000007 16
0.000024 40
0.000010 2
0.000009 13
0.000006 21
0.000010 3
0.000007 42
0.000007 12
0.000027 80
0.000007 26
0.000011 46
0.000006 9
0.000010 11
0.000030 37
0.000007 16
0.000011 42
0.000006 4
0.000025 298
0.000009 22
0.000012 49
0.000021 319
0.000008 41
0.000022 296
0.000025 314
0.000010 51
0.000008 44
0.000011 31
0.000009 79
0.000007 83
0.000007 77
0.000007 18
0.000011 62
0.000010 46
0.000014 148
0.000007 64
0.000010 95
0.000008 157
0.000007 123
0.000010 130
0.000007 78
0.000020 108
0.000744 150
1.322980 1
0.644217 1
0.316509 1
0.387860 1
0.365420 1
0.232945 1
0.125130 1
0.204069 1
0.405805 6
0.789223 2
0.002061 337
0.000498 150
3.366826 1
0.373011 1
0.505656 1
0.608402 1
0.309243 1
0.373285 1
2.801435 2
0.288867 150
2.738751 1
0.183199 1
0.233054 1
0.463648 1
1.172432 1
0.243466 1
0.227892 1
0.267818 1
0.262745 1
0.175685 1
0.764361 1
0.365137 1
0.726932 1
0.368394 1
0.430054 1
0.701759 1
0.342679 1
1.938602 2
0.346352 150
0.761510 1
0.273128 1
0.408562 1
0.219030 1
0.306721 1
0.984828 1
0.374730 1
0.589026 1
0.253666 1
0.964655 2
0.002706 55
10.000427 57
1.766921 2
0.000217 55
1.528629 1
0.377362 1
0.860615 1
1.331822 2
0.000106 15
10.000524 57
1.271419 2
0.000058 15
1.041475 1
0.332477 1
0.251476 1
0.132978 1
1.782135 2
0.000761 150
1.657470 6
